<?xml version="1.0" encoding="UTF-8"?>
<!-- Generated by org.testng.reporters.JUnitXMLReporter -->
<testsuite hostname="LAPTOP-JJOBRPIE" ignored="0" tests="2" failures="2" timestamp="2021-08-05T11:09:54 CST" time="18.985" errors="0">
  <testcase name="Test_Empty_Results" time="0.101" classname="TestSearch">
    <failure type="java.lang.AssertionError" message="Expecting 0 results, but got 4 expected [0] but found [4]">
      <![CDATA[java.lang.AssertionError: Expecting 0 results, but got 4 expected [0] but found [4]
at TestSearch.Test_Empty_Results(TestSearch.java:42)
at java.util.ArrayList.forEach(ArrayList.java:1249)
... Removed 35 stack frames]]>
    </failure>
  </testcase> <!-- Test_Empty_Results -->
  <testcase name="Validate_Search" time="0.047" classname="TestSearch">
    <failure type="java.lang.AssertionError" message="did not expect to find [true] but found [false]">
      <![CDATA[java.lang.AssertionError: did not expect to find [true] but found [false]
at TestSearch.Validate_Search(TestSearch.java:20)
at java.util.ArrayList.forEach(ArrayList.java:1249)
... Removed 35 stack frames]]>
    </failure>
  </testcase> <!-- Validate_Search -->
</testsuite>
